  icode   ic inum1 inum2 inum3   subed  recmonps reccnstps  flow(m^3)   sed(t)      orgn(kg)    orgp(kg)    nitrate(kg) sol.p(kg)   sol.pst(mg) sor.pst(mg)
       1        1        1        0        0        0                         0.2142E+07  0.7594E+05  0.7000E+04  0.1723E+04  0.3856E+03  0.1033E+02  0.0000E+00  0.0000E+00
       1        2        2        0        0        0                         0.4719E+09  0.2612E+07  0.5401E+06  0.1299E+06  0.2942E+05  0.2561E+04  0.0000E+00  0.0000E+00
       1        3        3        0        0        0                         0.2353E+08  0.1119E+07  0.7711E+05  0.1888E+05  0.3844E+04  0.7866E+02  0.0000E+00  0.0000E+00
       1        4        4        0        0        0                         0.2413E+09  0.6451E+06  0.2654E+06  0.6124E+05  0.1819E+05  0.1181E+04  0.0000E+00  0.0000E+00
       1        5        5        0        0        0                         0.3852E+09  0.7202E+07  0.9296E+06  0.2242E+06  0.3222E+05  0.1677E+04  0.0000E+00  0.0000E+00
       1        6        6        0        0        0                         0.1205E+09  0.1222E+07  0.2306E+06  0.5525E+05  0.8887E+04  0.5634E+03  0.0000E+00  0.0000E+00
       1        7        7        0        0        0                         0.2326E+09  0.4475E+05  0.6304E+05  0.1439E+05  0.1459E+05  0.1222E+04  0.0000E+00  0.0000E+00
       1        8        8        0        0        0                         0.3481E+09  0.5226E+06  0.4038E+06  0.9286E+05  0.2584E+05  0.1668E+04  0.0000E+00  0.0000E+00
       1        9        9        0        0        0                         0.1069E+09  0.1927E+06  0.1771E+06  0.4068E+05  0.7466E+04  0.4929E+03  0.0000E+00  0.0000E+00
       1       10       10        0        0        0                         0.2373E+09  0.2320E+05  0.5453E+05  0.1241E+05  0.1515E+05  0.1244E+04  0.0000E+00  0.0000E+00
       1       11       11        0        0        0                         0.1038E+10  0.3394E+07  0.8657E+06  0.2031E+06  0.8155E+05  0.5536E+04  0.0000E+00  0.0000E+00
       1       12       12        0        0        0                         0.7079E+09  0.1877E+06  0.2356E+06  0.5378E+05  0.4635E+05  0.3723E+04  0.0000E+00  0.0000E+00
       1       13       13        0        0        0                         0.2317E+09  0.6696E+04  0.2413E+05  0.5479E+04  0.2036E+05  0.1749E+04  0.0000E+00  0.0000E+00
       1       14       14        0        0        0                         0.6480E+08  0.7654E+04  0.1836E+05  0.4114E+04  0.3470E+04  0.3906E+03  0.0000E+00  0.0000E+00
       1       15       15        0        0        0                         0.4343E+09  0.2415E+05  0.1130E+06  0.2537E+05  0.2485E+05  0.2610E+04  0.0000E+00  0.0000E+00
       1       16       16        0        0        0                         0.6650E+09  0.4088E+06  0.3199E+06  0.7421E+05  0.3924E+05  0.3932E+04  0.0000E+00  0.0000E+00
       1       17       17        0        0        0                         0.3699E+09  0.1357E+06  0.1862E+06  0.4238E+05  0.2185E+05  0.2177E+04  0.0000E+00  0.0000E+00
       1       18       18        0        0        0                         0.9448E+09  0.1335E+06  0.3100E+06  0.7025E+05  0.5587E+05  0.6017E+04  0.0000E+00  0.0000E+00
       1       19       19        0        0        0                         0.5217E+09  0.1874E+05  0.1362E+06  0.3091E+05  0.2736E+05  0.3621E+04  0.0000E+00  0.0000E+00
       1       20       20        0        0        0                         0.1161E+10  0.1968E+07  0.8347E+06  0.1939E+06  0.8069E+05  0.6828E+04  0.0000E+00  0.0000E+00
       1       21       21        0        0        0                         0.1400E+09  0.2648E+06  0.2244E+06  0.5179E+05  0.9561E+04  0.8545E+03  0.0000E+00  0.0000E+00
       1       22       22        0        0        0                         0.6622E+09  0.7390E+06  0.5724E+06  0.1317E+06  0.4462E+05  0.3900E+04  0.0000E+00  0.0000E+00
       1       23       23        0        0        0                         0.7131E+09  0.2145E+07  0.9091E+06  0.2155E+06  0.5648E+05  0.4746E+04  0.0000E+00  0.0000E+00
       1       24       24        0        0        0                         0.4462E+09  0.5600E+05  0.2025E+06  0.4727E+05  0.2983E+05  0.3441E+04  0.0000E+00  0.0000E+00
       1       25       25        0        0        0                         0.7413E+09  0.1802E+07  0.1012E+07  0.2369E+06  0.5226E+05  0.4719E+04  0.0000E+00  0.0000E+00
       1       26       26        0        0        0                         0.3137E+09  0.3632E+05  0.1447E+06  0.3381E+05  0.2092E+05  0.2799E+04  0.0000E+00  0.0000E+00
       1       27       27        0        0        0                         0.1956E+08  0.2551E+05  0.2913E+05  0.6908E+04  0.1962E+04  0.1794E+03  0.0000E+00  0.0000E+00
       1       28       28        0        0        0                         0.4344E+09  0.9220E+05  0.2096E+06  0.4861E+05  0.2883E+05  0.3471E+04  0.0000E+00  0.0000E+00
       1       29       29        0        0        0                         0.8991E+08  0.2392E+06  0.1783E+06  0.4235E+05  0.1065E+05  0.7393E+03  0.0000E+00  0.0000E+00
       1       30       30        0        0        0                         0.6680E+09  0.8441E+05  0.3846E+06  0.9068E+05  0.5272E+05  0.6208E+04  0.0000E+00  0.0000E+00
       1       31       31        0        0        0                         0.1415E+10  0.1619E+06  0.6503E+06  0.1529E+06  0.9351E+05  0.1410E+05  0.0000E+00  0.0000E+00
       1       32       32        0        0        0                         0.3898E+09  0.3757E+06  0.3969E+06  0.9426E+05  0.3722E+05  0.3566E+04  0.0000E+00  0.0000E+00
       1       33       33        0        0        0                         0.1288E+10  0.5885E+06  0.1222E+07  0.2959E+06  0.1369E+06  0.1488E+05  0.0000E+00  0.0000E+00
       1       34       34        0        0        0                         0.1024E+10  0.3262E+06  0.7494E+06  0.1777E+06  0.8823E+05  0.9601E+04  0.0000E+00  0.0000E+00
       1       35       35        0        0        0                         0.7181E+09  0.3016E+06  0.6542E+06  0.1565E+06  0.7162E+05  0.7448E+04  0.0000E+00  0.0000E+00
       1       36       36        0        0        0                         0.3281E+09  0.3073E+05  0.2042E+06  0.4824E+05  0.2664E+05  0.3540E+04  0.0000E+00  0.0000E+00
       1       37       37        0        0        0                         0.1814E+09  0.7248E+05  0.1197E+06  0.2824E+05  0.1523E+05  0.1561E+04  0.0000E+00  0.0000E+00
       1       38       38        0        0        0                         0.5864E+09  0.8406E+05  0.4411E+06  0.1044E+06  0.5000E+05  0.6142E+04  0.0000E+00  0.0000E+00
       1       39       39        0        0        0                         0.1172E+10  0.5300E+06  0.1126E+07  0.2688E+06  0.1140E+06  0.1211E+05  0.0000E+00  0.0000E+00
       1       40       40        0        0        0                         0.3930E+09  0.6032E+06  0.5235E+06  0.1224E+06  0.3418E+05  0.2757E+04  0.0000E+00  0.0000E+00
       1       41       41        0        0        0                         0.5064E+09  0.5753E+05  0.3196E+06  0.7558E+05  0.4136E+05  0.5481E+04  0.0000E+00  0.0000E+00
       1       42       42        0        0        0                         0.7978E+09  0.3515E+06  0.7099E+06  0.1684E+06  0.7065E+05  0.8096E+04  0.0000E+00  0.0000E+00
       1       43       43        0        0        0                         0.1438E+10  0.1033E+07  0.1734E+07  0.4167E+06  0.1536E+06  0.1572E+05  0.0000E+00  0.0000E+00
       2       44        2        2        2        0                         0.4708E+09  0.2537E+07  0.5348E+06  0.1278E+06  0.2896E+05  0.3253E+04  0.0000E+00  0.0000E+00
       2       45        4        4        4        0                         0.2413E+09  0.6446E+06  0.2654E+06  0.6122E+05  0.1818E+05  0.1202E+04  0.0000E+00  0.0000E+00
       2       46        7        7        7        0                         0.2326E+09  0.4470E+05  0.6302E+05  0.1438E+05  0.1459E+05  0.1230E+04  0.0000E+00  0.0000E+00
       2       47        8        8        8        0                         0.3481E+09  0.5196E+06  0.4031E+06  0.9259E+05  0.2581E+05  0.1917E+04  0.0000E+00  0.0000E+00
       2       48       10       10       10        0                         0.2372E+09  0.2301E+05  0.5438E+05  0.1235E+05  0.1513E+05  0.1292E+04  0.0000E+00  0.0000E+00
       2       49       13       13       13        0                         0.2315E+09  0.6640E+04  0.2408E+05  0.5459E+04  0.2032E+05  0.1767E+04  0.0000E+00  0.0000E+00
       2       50       15       15       15        0                         0.4339E+09  0.2388E+05  0.1126E+06  0.2524E+05  0.2481E+05  0.2728E+04  0.0000E+00  0.0000E+00
       2       51       17       17       17        0                         0.3698E+09  0.1351E+06  0.1859E+06  0.4229E+05  0.2183E+05  0.2265E+04  0.0000E+00  0.0000E+00
       2       52       19       19       19        0                         0.5215E+09  0.1865E+05  0.1360E+06  0.3083E+05  0.2733E+05  0.3689E+04  0.0000E+00  0.0000E+00
       2       53       22       22       22        0                         0.6614E+09  0.7240E+06  0.5689E+06  0.1303E+06  0.4436E+05  0.5003E+04  0.0000E+00  0.0000E+00
       2       54       24       24       24        0                         0.4459E+09  0.5555E+05  0.2021E+06  0.4710E+05  0.2978E+05  0.3592E+04  0.0000E+00  0.0000E+00
       2       55       26       26       26        0                         0.3136E+09  0.3610E+05  0.1444E+06  0.3372E+05  0.2090E+05  0.2881E+04  0.0000E+00  0.0000E+00
       2       56       28       28       28        0                         0.4342E+09  0.9177E+05  0.2093E+06  0.4850E+05  0.2879E+05  0.3564E+04  0.0000E+00  0.0000E+00
       2       57       30       30       30        0                         0.6674E+09  0.8315E+05  0.3830E+06  0.9004E+05  0.5257E+05  0.6749E+04  0.0000E+00  0.0000E+00
       2       58       31       31       31        0                         0.1412E+10  0.1552E+06  0.6412E+06  0.1494E+06  0.9273E+05  0.1611E+05  0.0000E+00  0.0000E+00
       2       59       33       33       33        0                         0.1285E+10  0.5740E+06  0.1212E+07  0.2921E+06  0.1361E+06  0.1768E+05  0.0000E+00  0.0000E+00
       2       60       34       34       34        0                         0.1022E+10  0.3174E+06  0.7432E+06  0.1752E+06  0.8770E+05  0.1134E+05  0.0000E+00  0.0000E+00
       2       61       36       36       36        0                         0.3280E+09  0.3064E+05  0.2041E+06  0.4817E+05  0.2661E+05  0.3603E+04  0.0000E+00  0.0000E+00
       2       62       38       38       38        0                         0.5862E+09  0.8366E+05  0.4406E+06  0.1041E+06  0.4995E+05  0.6335E+04  0.0000E+00  0.0000E+00
       2       63       41       41       41        0                         0.5057E+09  0.5672E+05  0.3182E+06  0.7504E+05  0.4121E+05  0.5920E+04  0.0000E+00  0.0000E+00
       2       64       42       42       42        0                         0.7971E+09  0.3455E+06  0.7067E+06  0.1671E+06  0.7038E+05  0.9172E+04  0.0000E+00  0.0000E+00
       2       65       43       43       43        0                         0.1436E+10  0.1007E+07  0.1722E+07  0.4118E+06  0.1525E+06  0.1961E+05  0.0000E+00  0.0000E+00
       5       66       40       63        0        0                         0.8988E+09  0.6599E+06  0.8418E+06  0.1975E+06  0.7539E+05  0.8676E+04  0.0000E+00  0.0000E+00
       5       67       66       64        0        0                         0.1696E+10  0.1005E+07  0.1548E+07  0.3645E+06  0.1458E+06  0.1785E+05  0.0000E+00  0.0000E+00
       2       68       40       67       40        0                         0.1694E+10  0.6009E+06  0.1537E+07  0.3601E+06  0.1448E+06  0.2179E+05  0.0000E+00  0.0000E+00
       5       69       27       56        0        0                         0.4538E+09  0.1173E+06  0.2384E+06  0.5541E+05  0.3075E+05  0.3744E+04  0.0000E+00  0.0000E+00
       5       70       69       60        0        0                         0.1476E+10  0.4346E+06  0.9816E+06  0.2306E+06  0.1185E+06  0.1508E+05  0.0000E+00  0.0000E+00
       2       71       27       70       27        0                         0.1476E+10  0.3648E+06  0.9794E+06  0.2298E+06  0.1183E+06  0.1588E+05  0.0000E+00  0.0000E+00
       5       72       18       52        0        0                         0.1466E+10  0.1521E+06  0.4460E+06  0.1011E+06  0.8320E+05  0.9706E+04  0.0000E+00  0.0000E+00
       5       73       72       58        0        0                         0.2878E+10  0.3073E+06  0.1087E+07  0.2505E+06  0.1759E+06  0.2582E+05  0.0000E+00  0.0000E+00
       2       74       18       73       18        0                         0.2874E+10  0.2951E+06  0.1073E+07  0.2453E+06  0.1749E+06  0.3039E+05  0.0000E+00  0.0000E+00
       5       75       39       62        0        0                         0.1758E+10  0.6136E+06  0.1567E+07  0.3730E+06  0.1639E+06  0.1845E+05  0.0000E+00  0.0000E+00
       5       76       75       65        0        0                         0.3194E+10  0.1621E+07  0.3289E+07  0.7848E+06  0.3164E+06  0.3806E+05  0.0000E+00  0.0000E+00
       2       77       39       76       39        0                         0.3189E+10  0.1126E+07  0.3250E+07  0.7691E+06  0.3134E+06  0.5134E+05  0.0000E+00  0.0000E+00
       5       78       25       55        0        0                         0.1055E+10  0.1838E+07  0.1157E+07  0.2706E+06  0.7316E+05  0.7601E+04  0.0000E+00  0.0000E+00
       5       79       78       71        0        0                         0.2531E+10  0.2203E+07  0.2136E+07  0.5004E+06  0.1915E+06  0.2348E+05  0.0000E+00  0.0000E+00
       2       80       25       79       25        0                         0.2528E+10  0.8814E+06  0.2119E+07  0.4936E+06  0.1901E+06  0.2956E+05  0.0000E+00  0.0000E+00
       5       81       14       50        0        0                         0.4987E+09  0.3154E+05  0.1310E+06  0.2935E+05  0.2828E+05  0.3119E+04  0.0000E+00  0.0000E+00
       5       82       81       74        0        0                         0.3373E+10  0.3266E+06  0.1204E+07  0.2747E+06  0.2032E+06  0.3351E+05  0.0000E+00  0.0000E+00
       2       83       14       82       14        0                         0.3372E+10  0.3245E+06  0.1202E+07  0.2738E+06  0.2030E+06  0.3427E+05  0.0000E+00  0.0000E+00
       5       84       37       77        0        0                         0.3370E+10  0.1199E+07  0.3370E+07  0.7973E+06  0.3287E+06  0.5290E+05  0.0000E+00  0.0000E+00
       5       85       84       68        0        0                         0.5064E+10  0.1800E+07  0.4907E+07  0.1157E+07  0.4735E+06  0.7469E+05  0.0000E+00  0.0000E+00
       2       86       37       85       37        0                         0.5062E+10  0.1782E+07  0.4895E+07  0.1153E+07  0.4725E+06  0.7883E+05  0.0000E+00  0.0000E+00
       5       87       12       49        0        0                         0.9393E+09  0.1943E+06  0.2597E+06  0.5924E+05  0.6667E+05  0.5490E+04  0.0000E+00  0.0000E+00
       5       88       87       83        0        0                         0.4312E+10  0.5188E+06  0.1462E+07  0.3331E+06  0.2697E+06  0.3976E+05  0.0000E+00  0.0000E+00
       2       89       12       88       12        0                         0.4305E+10  0.4891E+06  0.1434E+07  0.3228E+06  0.2678E+06  0.4848E+05  0.0000E+00  0.0000E+00
       5       90       21       53        0        0                         0.8013E+09  0.9889E+06  0.7933E+06  0.1821E+06  0.5392E+05  0.5857E+04  0.0000E+00  0.0000E+00
       5       91       90       80        0        0                         0.3329E+10  0.1870E+07  0.2912E+07  0.6757E+06  0.2440E+06  0.3541E+05  0.0000E+00  0.0000E+00
       2       92       21       91       21        0                         0.3327E+10  0.6974E+06  0.2896E+07  0.6695E+06  0.2429E+06  0.4119E+05  0.0000E+00  0.0000E+00
       5       93       35       61        0        0                         0.1046E+10  0.3322E+06  0.8583E+06  0.2046E+06  0.9823E+05  0.1105E+05  0.0000E+00  0.0000E+00
       5       94       93       86        0        0                         0.6108E+10  0.2115E+07  0.5753E+07  0.1357E+07  0.5708E+06  0.8988E+05  0.0000E+00  0.0000E+00
       2       95       35       94       35        0                         0.6102E+10  0.2066E+07  0.5718E+07  0.1344E+07  0.5679E+06  0.1022E+06  0.0000E+00  0.0000E+00
       5       96       32       59        0        0                         0.1675E+10  0.9497E+06  0.1609E+07  0.3864E+06  0.1733E+06  0.2125E+05  0.0000E+00  0.0000E+00
       5       97       96       95        0        0                         0.7778E+10  0.3015E+07  0.7327E+07  0.1730E+07  0.7412E+06  0.1235E+06  0.0000E+00  0.0000E+00
       2       98       32       97       32        0                         0.7774E+10  0.2976E+07  0.7304E+07  0.1721E+07  0.7394E+06  0.1319E+06  0.0000E+00  0.0000E+00
       5       99        9       47        0        0                         0.4549E+09  0.7123E+06  0.5803E+06  0.1333E+06  0.3327E+05  0.2410E+04  0.0000E+00  0.0000E+00
       5      100       99       89        0        0                         0.4760E+10  0.1201E+07  0.2014E+07  0.4561E+06  0.3011E+06  0.5089E+05  0.0000E+00  0.0000E+00
       2      101        9      100        9        0                         0.4757E+10  0.1175E+07  0.2001E+07  0.4513E+06  0.3003E+06  0.5515E+05  0.0000E+00  0.0000E+00
       5      102       29       57        0        0                         0.7573E+09  0.3223E+06  0.5613E+06  0.1324E+06  0.6322E+05  0.7488E+04  0.0000E+00  0.0000E+00
       5      103      102       98        0        0                         0.8531E+10  0.3298E+07  0.7865E+07  0.1853E+07  0.8027E+06  0.1394E+06  0.0000E+00  0.0000E+00
       2      104       29      103       29        0                         0.8529E+10  0.3263E+07  0.7845E+07  0.1846E+07  0.8013E+06  0.1465E+06  0.0000E+00  0.0000E+00
       5      105        6       46        0        0                         0.3531E+09  0.1266E+07  0.2936E+06  0.6963E+05  0.2347E+05  0.1793E+04  0.0000E+00  0.0000E+00
       5      106      105      101        0        0                         0.5110E+10  0.2441E+07  0.2295E+07  0.5209E+06  0.3238E+06  0.5694E+05  0.0000E+00  0.0000E+00
       2      107        6      106        6        0                         0.5109E+10  0.6772E+06  0.2280E+07  0.5156E+06  0.3230E+06  0.6178E+05  0.0000E+00  0.0000E+00
       5      108       23       54        0        0                         0.1159E+10  0.2200E+07  0.1111E+07  0.2626E+06  0.8626E+05  0.8338E+04  0.0000E+00  0.0000E+00
       5      109      108      104        0        0                         0.9688E+10  0.5464E+07  0.8956E+07  0.2108E+07  0.8876E+06  0.1548E+06  0.0000E+00  0.0000E+00
       2      110       23      109       23        0                         0.9681E+10  0.1150E+07  0.8732E+07  0.2020E+07  0.8769E+06  0.2366E+06  0.0000E+00  0.0000E+00
       5      111       20       92        0        0                         0.4489E+10  0.2665E+07  0.3731E+07  0.8634E+06  0.3236E+06  0.4802E+05  0.0000E+00  0.0000E+00
       5      112      111      110        0        0                         0.1417E+11  0.3815E+07  0.1246E+08  0.2884E+07  0.1200E+07  0.2846E+06  0.0000E+00  0.0000E+00
       2      113       20      112       20        0                         0.1416E+11  0.3696E+07  0.1236E+08  0.2843E+07  0.1195E+07  0.3216E+06  0.0000E+00  0.0000E+00
       5      114       16       51        0        0                         0.1035E+10  0.5439E+06  0.5058E+06  0.1165E+06  0.6107E+05  0.6197E+04  0.0000E+00  0.0000E+00
       5      115      114      113        0        0                         0.1519E+11  0.4240E+07  0.1286E+08  0.2960E+07  0.1256E+07  0.3278E+06  0.0000E+00  0.0000E+00
       2      116       16      115       16        0                         0.1519E+11  0.4140E+07  0.1278E+08  0.2929E+07  0.1253E+07  0.3555E+06  0.0000E+00  0.0000E+00
       5      117       11       48        0        0                         0.1275E+10  0.3417E+07  0.9201E+06  0.2155E+06  0.9668E+05  0.6828E+04  0.0000E+00  0.0000E+00
       5      118      117      116        0        0                         0.1646E+11  0.7557E+07  0.1370E+08  0.3145E+07  0.1350E+07  0.3623E+06  0.0000E+00  0.0000E+00
       2      119       11      118       11        0                         0.1644E+11  0.4867E+07  0.1342E+08  0.3038E+07  0.1339E+07  0.4542E+06  0.0000E+00  0.0000E+00
       5      120        5      107        0        0                         0.5494E+10  0.7879E+07  0.3210E+07  0.7398E+06  0.3553E+06  0.6345E+05  0.0000E+00  0.0000E+00
       5      121      120      119        0        0                         0.2194E+11  0.1275E+08  0.1663E+08  0.3778E+07  0.1694E+07  0.5176E+06  0.0000E+00  0.0000E+00
       2      122        5      121        5        0                         0.2193E+11  0.5166E+07  0.1641E+08  0.3697E+07  0.1687E+07  0.5879E+06  0.0000E+00  0.0000E+00
       5      123        3       45        0        0                         0.2649E+09  0.1764E+07  0.3425E+06  0.8009E+05  0.2203E+05  0.1280E+04  0.0000E+00  0.0000E+00
       5      124      123      122        0        0                         0.2219E+11  0.6930E+07  0.1675E+08  0.3777E+07  0.1709E+07  0.5892E+06  0.0000E+00  0.0000E+00
       2      125        3      124        3        0                         0.2219E+11  0.5963E+07  0.1671E+08  0.3761E+07  0.1708E+07  0.6040E+06  0.0000E+00  0.0000E+00
       5      126        1       44        0        0                         0.4730E+09  0.2613E+07  0.5418E+06  0.1295E+06  0.2935E+05  0.3264E+04  0.0000E+00  0.0000E+00
       5      127      126      125        0        0                         0.2266E+11  0.8576E+07  0.1725E+08  0.3890E+07  0.1738E+07  0.6072E+06  0.0000E+00  0.0000E+00
       2      128        1      127        1        0                         0.2266E+11  0.8571E+07  0.1724E+08  0.3889E+07  0.1737E+07  0.6081E+06  0.0000E+00  0.0000E+00
      14      128        1        0        0        0                         0.2266E+11  0.8571E+07  0.1724E+08  0.3889E+07  0.1737E+07  0.6081E+06  0.0000E+00  0.0000E+00
